Сборка начата 10/30/2014 3:15:19 PM.
     1>Проект "C:\RML\Source\LemmatizerLib\LemmatizerLib.vcxproj" в узле 2 (целевые объекты Rebuild).
     1>ClCompile:
         C:\Program Files (x86)\Microsoft Visual Studio 12.0\VC\bin\CL.exe /c /ZI /nologo /W3 /WX- /Od /Oy- /D WIN32 /D _DEBUG /D _LIB /Gm /EHsc /RTC1 /MDd /GS /fp:precise /Zc:wchar_t /Zc:forScope /Fo"Debug\\" /Fd"Debug\vc120.pdb" /Gd /TP /analyze- /errorReport:prompt CreatePredictionBase.cpp Lemmatizers.cpp MorphAutomat.cpp MorphAutomBuilder.cpp MorphDict.cpp MorphDictBuilder.cpp Paradigm.cpp PLMLineCollection.cpp Predict.cpp Statistic.cpp StdMorph.cpp
         StdMorph.cpp
         Statistic.cpp
         Predict.cpp
         PLMLineCollection.cpp
         Paradigm.cpp
         MorphDictBuilder.cpp
         MorphDict.cpp
         MorphAutomBuilder.cpp
         MorphAutomat.cpp
         Lemmatizers.cpp
         CreatePredictionBase.cpp
         Создание кода...
       Lib:
         C:\Program Files (x86)\Microsoft Visual Studio 12.0\VC\bin\Lib.exe /OUT:"Debug\LemmatizerLib.lib" /NOLOGO Debug\CreatePredictionBase.obj
         Debug\Lemmatizers.obj
         Debug\MorphAutomat.obj
         Debug\MorphAutomBuilder.obj
         Debug\MorphDict.obj
         Debug\MorphDictBuilder.obj
         Debug\Paradigm.obj
         Debug\PLMLineCollection.obj
         Debug\Predict.obj
         Debug\Statistic.obj
         Debug\StdMorph.obj
         LemmatizerLib.vcxproj -> C:\RML\Source\LemmatizerLib\Debug\LemmatizerLib.lib
     1>Сборка проекта "C:\RML\Source\LemmatizerLib\LemmatizerLib.vcxproj" завершена (целевые объекты Rebuild).

Сборка успешно завершена.

Затраченное время: 00:00:11.41
