c:\rml\source\lemmatizerlib\debug\vc120.pdb
c:\rml\source\lemmatizerlib\debug\vc120.idb
c:\rml\source\lemmatizerlib\debug\createpredictionbase.obj
c:\rml\source\lemmatizerlib\debug\lemmatizers.obj
c:\rml\source\lemmatizerlib\debug\morphautomat.obj
c:\rml\source\lemmatizerlib\debug\morphautombuilder.obj
c:\rml\source\lemmatizerlib\debug\morphdict.obj
c:\rml\source\lemmatizerlib\debug\morphdictbuilder.obj
c:\rml\source\lemmatizerlib\debug\paradigm.obj
c:\rml\source\lemmatizerlib\debug\plmlinecollection.obj
c:\rml\source\lemmatizerlib\debug\predict.obj
c:\rml\source\lemmatizerlib\debug\statistic.obj
c:\rml\source\lemmatizerlib\debug\stdmorph.obj
c:\rml\source\lemmatizerlib\debug\lemmatizerlib.lib
c:\rml\source\lemmatizerlib\debug\lemmatizerlib.tlog\cl.command.1.tlog
c:\rml\source\lemmatizerlib\debug\lemmatizerlib.tlog\cl.read.1.tlog
c:\rml\source\lemmatizerlib\debug\lemmatizerlib.tlog\cl.write.1.tlog
c:\rml\source\lemmatizerlib\debug\lemmatizerlib.tlog\lib-link.read.1.tlog
c:\rml\source\lemmatizerlib\debug\lemmatizerlib.tlog\lib-link.write.1.tlog
c:\rml\source\lemmatizerlib\debug\lemmatizerlib.tlog\lib.command.1.tlog
