c:\rml\source\simplegrammarlib\debug\simplegrammarlib.pch
c:\rml\source\simplegrammarlib\debug\vc120.pdb
c:\rml\source\simplegrammarlib\debug\vc120.idb
c:\rml\source\simplegrammarlib\debug\simplegrammarlib.obj
c:\rml\source\simplegrammarlib\debug\chunk_yacc.obj
c:\rml\source\simplegrammarlib\debug\chunker_lex.obj
c:\rml\source\simplegrammarlib\debug\chunknode.obj
c:\rml\source\simplegrammarlib\debug\chunkparser.obj
c:\rml\source\simplegrammarlib\debug\ahokorasick.obj
c:\rml\source\simplegrammarlib\debug\firstandfollow.obj
c:\rml\source\simplegrammarlib\debug\getmaxcoverage.obj
c:\rml\source\simplegrammarlib\debug\glr.obj
c:\rml\source\simplegrammarlib\debug\glrtable.obj
c:\rml\source\simplegrammarlib\debug\grammaritem.obj
c:\rml\source\simplegrammarlib\debug\loader.obj
c:\rml\source\simplegrammarlib\debug\lr-items.obj
c:\rml\source\simplegrammarlib\debug\parser.obj
c:\rml\source\simplegrammarlib\debug\solveperiodambiguity.obj
c:\rml\source\simplegrammarlib\debug\sourcegrammarparser.obj
c:\rml\source\simplegrammarlib\chunker_lex.cpp
c:\rml\source\simplegrammarlib\chunk_yacc.cpp
c:\rml\source\simplegrammarlib\chunk_yacc.h
c:\rml\source\simplegrammarlib\debug\simplegrammarlib.lib
c:\rml\source\simplegrammarlib\debug\simplegrammarlib.tlog\cl.command.1.tlog
c:\rml\source\simplegrammarlib\debug\simplegrammarlib.tlog\cl.read.1.tlog
c:\rml\source\simplegrammarlib\debug\simplegrammarlib.tlog\cl.write.1.tlog
c:\rml\source\simplegrammarlib\debug\simplegrammarlib.tlog\custombuild.command.1.tlog
c:\rml\source\simplegrammarlib\debug\simplegrammarlib.tlog\custombuild.read.1.tlog
c:\rml\source\simplegrammarlib\debug\simplegrammarlib.tlog\custombuild.write.1.tlog
c:\rml\source\simplegrammarlib\debug\simplegrammarlib.tlog\lib-link.read.1.tlog
c:\rml\source\simplegrammarlib\debug\simplegrammarlib.tlog\lib-link.write.1.tlog
c:\rml\source\simplegrammarlib\debug\simplegrammarlib.tlog\lib.command.1.tlog
