c:\rml\source\graphanlib\debug\vc120.pdb
c:\rml\source\graphanlib\debug\vc120.idb
c:\rml\source\graphanlib\debug\abbrev.obj
c:\rml\source\graphanlib\debug\c_desc.obj
c:\rml\source\graphanlib\debug\consent.obj
c:\rml\source\graphanlib\debug\cs_hiera.obj
c:\rml\source\graphanlib\debug\graline.obj
c:\rml\source\graphanlib\debug\graphandicts.obj
c:\rml\source\graphanlib\debug\graphmatfile.obj
c:\rml\source\graphanlib\debug\htmlconv.obj
c:\rml\source\graphanlib\debug\nc_desc.obj
c:\rml\source\graphanlib\debug\oborots.obj
c:\rml\source\graphanlib\debug\sentences.obj
c:\rml\source\graphanlib\debug\stdafx.obj
c:\rml\source\graphanlib\debug\unitholder.obj
c:\rml\source\graphanlib\debug\writegra.obj
c:\rml\source\graphanlib\debug\graphanlib.lib
c:\rml\source\graphanlib\debug\graphanlib.tlog\cl.command.1.tlog
c:\rml\source\graphanlib\debug\graphanlib.tlog\cl.read.1.tlog
c:\rml\source\graphanlib\debug\graphanlib.tlog\cl.write.1.tlog
c:\rml\source\graphanlib\debug\graphanlib.tlog\lib-link.read.1.tlog
c:\rml\source\graphanlib\debug\graphanlib.tlog\lib-link.write.1.tlog
c:\rml\source\graphanlib\debug\graphanlib.tlog\lib.command.1.tlog
