c:\rml\source\structdict\debug\structdict.pch
c:\rml\source\structdict\debug\vc120.pdb
c:\rml\source\structdict\debug\vc120.idb
c:\rml\source\structdict\debug\stdpch.obj
c:\rml\source\structdict\debug\structdict.obj
c:\rml\source\structdict\debug\comtextfield.obj
c:\rml\source\structdict\debug\comtemparticle.obj
c:\rml\source\structdict\debug\comsignat.obj
c:\rml\source\structdict\debug\comfield.obj
c:\rml\source\structdict\debug\comdomen.obj
c:\rml\source\structdict\debug\comdictionary.obj
c:\rml\source\structdict\debug\utilit.obj
c:\rml\source\structdict\debug\structdict.dll
c:\rml\source\structdict\debug\structdict.map
c:\rml\source\structdict\debug\structdict.pdb
c:\rml\source\structdict\structdict.tlb
c:\rml\source\structdict\structdict_p.c
c:\rml\source\structdict\structdict_i.c
c:\rml\source\structdict\structdict.h
c:\rml\source\structdict\debug\structdict.res
c:\rml\source\structdict\debug\structdict.lib
c:\rml\source\structdict\debug\structdict.exp
c:\rml\source\structdict\debug\regsvr32.trg
c:\rml\source\structdict\debug\structdict.tlog\cl.command.1.tlog
c:\rml\source\structdict\debug\structdict.tlog\cl.read.1.tlog
c:\rml\source\structdict\debug\structdict.tlog\cl.write.1.tlog
c:\rml\source\structdict\debug\structdict.tlog\link.command.1.tlog
c:\rml\source\structdict\debug\structdict.tlog\link.read.1.tlog
c:\rml\source\structdict\debug\structdict.tlog\link.write.1.tlog
c:\rml\source\structdict\debug\structdict.tlog\midl.command.1.tlog
c:\rml\source\structdict\debug\structdict.tlog\midl.read.1.tlog
c:\rml\source\structdict\debug\structdict.tlog\midl.write.1.tlog
c:\rml\source\structdict\debug\structdict.tlog\rc.command.1.tlog
c:\rml\source\structdict\debug\structdict.tlog\rc.read.1.tlog
c:\rml\source\structdict\debug\structdict.tlog\rc.write.1.tlog
c:\rml\source\structdict\debug\structdict.tlog\structdict.write.1u.tlog
