c:\trunk\build\bin\debug\libs-pcre.pdb
c:\trunk\build\bin\debug\libs-pcre.idb
c:\rml\source\pcre\libs-pcre.dir\debug\pcre_xclass.obj
c:\rml\source\pcre\libs-pcre.dir\debug\pcre_version.obj
c:\rml\source\pcre\libs-pcre.dir\debug\pcre_valid_utf8.obj
c:\rml\source\pcre\libs-pcre.dir\debug\pcre_ucp_searchfuncs.obj
c:\rml\source\pcre\libs-pcre.dir\debug\pcre_try_flipped.obj
c:\rml\source\pcre\libs-pcre.dir\debug\pcre_tables.obj
c:\rml\source\pcre\libs-pcre.dir\debug\pcre_study.obj
c:\rml\source\pcre\libs-pcre.dir\debug\pcre_refcount.obj
c:\rml\source\pcre\libs-pcre.dir\debug\pcre_ord2utf8.obj
c:\rml\source\pcre\libs-pcre.dir\debug\pcre_newline.obj
c:\rml\source\pcre\libs-pcre.dir\debug\pcre_maketables.obj
c:\rml\source\pcre\libs-pcre.dir\debug\pcre_info.obj
c:\rml\source\pcre\libs-pcre.dir\debug\pcre_globals.obj
c:\rml\source\pcre\libs-pcre.dir\debug\pcre_get.obj
c:\rml\source\pcre\libs-pcre.dir\debug\pcre_fullinfo.obj
c:\rml\source\pcre\libs-pcre.dir\debug\pcre_exec.obj
c:\rml\source\pcre\libs-pcre.dir\debug\pcre_dfa_exec.obj
c:\rml\source\pcre\libs-pcre.dir\debug\pcre_config.obj
c:\rml\source\pcre\libs-pcre.dir\debug\pcre_compile.obj
c:\rml\source\pcre\libs-pcre.dir\debug\pcre_chartables.obj
c:\rml\source\pcre\libs-pcre.dir\debug\pcre_rml.obj
c:\rml\source\pcre\libs-pcre.dir\debug\pcreposix.obj
c:\trunk\build\bin\debug\libs-pcre.lib
c:\rml\source\pcre\libs-pcre.dir\debug\libs-pcre.tlog\cl.command.1.tlog
c:\rml\source\pcre\libs-pcre.dir\debug\libs-pcre.tlog\cl.read.1.tlog
c:\rml\source\pcre\libs-pcre.dir\debug\libs-pcre.tlog\cl.write.1.tlog
c:\rml\source\pcre\libs-pcre.dir\debug\libs-pcre.tlog\lib-link.read.1.tlog
c:\rml\source\pcre\libs-pcre.dir\debug\libs-pcre.tlog\lib-link.write.1.tlog
c:\rml\source\pcre\libs-pcre.dir\debug\libs-pcre.tlog\lib.command.1.tlog
