c:\rml\source\common\debug\vc120.pdb
c:\rml\source\common\debug\vc120.idb
c:\rml\source\common\debug\ancodepattern.obj
c:\rml\source\common\debug\bigramsreader.obj
c:\rml\source\common\debug\cgic.obj
c:\rml\source\common\debug\dwdsthesaurus.obj
c:\rml\source\common\debug\gra_descr.obj
c:\rml\source\common\debug\homonym.obj
c:\rml\source\common\debug\iconv_cpp.obj
c:\rml\source\common\debug\lemword.obj
c:\rml\source\common\debug\morhologyholder.obj
c:\rml\source\common\debug\morphxmltoken.obj
c:\rml\source\common\debug\plmline.obj
c:\rml\source\common\debug\readqueryfrominternet.obj
c:\rml\source\common\debug\rus_numerals.obj
c:\rml\source\common\debug\string_socket.obj
c:\rml\source\common\debug\syntaxholder.obj
c:\rml\source\common\debug\utilit.obj
c:\rml\source\common\debug\common.lib
c:\rml\source\common\debug\common.tlog\cl.command.1.tlog
c:\rml\source\common\debug\common.tlog\cl.read.1.tlog
c:\rml\source\common\debug\common.tlog\cl.write.1.tlog
c:\rml\source\common\debug\common.tlog\lib-link.read.1.tlog
c:\rml\source\common\debug\common.tlog\lib-link.write.1.tlog
c:\rml\source\common\debug\common.tlog\lib.command.1.tlog
