c:\rml\source\syncommonlib\debug\syncommonlib.pch
c:\rml\source\syncommonlib\debug\vc120.pdb
c:\rml\source\syncommonlib\debug\vc120.idb
c:\rml\source\syncommonlib\debug\stdafx.obj
c:\rml\source\syncommonlib\debug\lemword.obj
c:\rml\source\syncommonlib\debug\homonym.obj
c:\rml\source\syncommonlib\debug\ancodepattern.obj
c:\rml\source\syncommonlib\debug\word.obj
c:\rml\source\syncommonlib\debug\thesaurusforsyntax.obj
c:\rml\source\syncommonlib\debug\syntaxinit.obj
c:\rml\source\syncommonlib\debug\synplmline.obj
c:\rml\source\syncommonlib\debug\sentence.obj
c:\rml\source\syncommonlib\debug\relationsiterator.obj
c:\rml\source\syncommonlib\debug\oborot.obj
c:\rml\source\syncommonlib\debug\morphvariant.obj
c:\rml\source\syncommonlib\debug\group.obj
c:\rml\source\syncommonlib\debug\glrformats.obj
c:\rml\source\syncommonlib\debug\formatcaller.obj
c:\rml\source\syncommonlib\debug\findtermins.obj
c:\rml\source\syncommonlib\debug\coveragekillhomonyms.obj
c:\rml\source\syncommonlib\debug\clausecollection.obj
c:\rml\source\syncommonlib\debug\clause.obj
c:\rml\source\syncommonlib\debug\buildinitialclauses.obj
c:\rml\source\syncommonlib\debug\sentencescollection.obj
c:\rml\source\syncommonlib\debug\syncommonlib.lib
c:\rml\source\syncommonlib\debug\syncommonlib.tlog\cl.command.1.tlog
c:\rml\source\syncommonlib\debug\syncommonlib.tlog\cl.read.1.tlog
c:\rml\source\syncommonlib\debug\syncommonlib.tlog\cl.write.1.tlog
c:\rml\source\syncommonlib\debug\syncommonlib.tlog\lib-link.read.1.tlog
c:\rml\source\syncommonlib\debug\syncommonlib.tlog\lib-link.write.1.tlog
c:\rml\source\syncommonlib\debug\syncommonlib.tlog\lib.command.1.tlog
