c:\rml\source\graphan\debug\graphan.pch
c:\rml\source\graphan\debug\vc120.pdb
c:\rml\source\graphan\debug\stdpch.obj
c:\rml\source\graphan\debug\graphan.obj
c:\rml\source\graphan\debug\comgraphmatfile.obj
c:\rml\source\graphan\debug\utilit.obj
c:\rml\source\graphan\debug\rmllicense.obj
c:\rml\source\graphan\graphan.tlb
c:\rml\source\graphan\graphan_p.c
c:\rml\source\graphan\graphan_i.c
c:\rml\source\graphan\graphan.h
c:\rml\source\graphan\debug\graphan.res
c:\rml\source\graphan\debug\graphan.exp
c:\rml\source\graphan\debug\graphan.pdb
c:\rml\source\graphan\debug\graphan.tlog\cl.command.1.tlog
c:\rml\source\graphan\debug\graphan.tlog\cl.read.1.tlog
c:\rml\source\graphan\debug\graphan.tlog\cl.write.1.tlog
c:\rml\source\graphan\debug\graphan.tlog\link-cvtres.read.1.tlog
c:\rml\source\graphan\debug\graphan.tlog\link-cvtres.write.1.tlog
c:\rml\source\graphan\debug\graphan.tlog\link-rc.read.1.tlog
c:\rml\source\graphan\debug\graphan.tlog\link-rc.write.1.tlog
c:\rml\source\graphan\debug\graphan.tlog\link.command.1.tlog
c:\rml\source\graphan\debug\graphan.tlog\link.read.1.tlog
c:\rml\source\graphan\debug\graphan.tlog\link.write.1.tlog
c:\rml\source\graphan\debug\graphan.tlog\midl.command.1.tlog
c:\rml\source\graphan\debug\graphan.tlog\midl.read.1.tlog
c:\rml\source\graphan\debug\graphan.tlog\midl.write.1.tlog
c:\rml\source\graphan\debug\graphan.tlog\rc.command.1.tlog
c:\rml\source\graphan\debug\graphan.tlog\rc.read.1.tlog
c:\rml\source\graphan\debug\graphan.tlog\rc.write.1.tlog
