c:\rml\source\synanlib\debug\synanlib.pch
c:\rml\source\synanlib\debug\vc120.pdb
c:\rml\source\synanlib\debug\vc120.idb
c:\rml\source\synanlib\debug\stdsynan.obj
c:\rml\source\synanlib\debug\synandash.obj
c:\rml\source\synanlib\debug\rusword.obj
c:\rml\source\synanlib\debug\rusthesaurus.obj
c:\rml\source\synanlib\debug\russyntaxopt.obj
c:\rml\source\synanlib\debug\russentence.obj
c:\rml\source\synanlib\debug\rusparenthesis.obj
c:\rml\source\synanlib\debug\rusoborot.obj
c:\rml\source\synanlib\debug\rusgroup.obj
c:\rml\source\synanlib\debug\rusformatcaller.obj
c:\rml\source\synanlib\debug\rusclause.obj
c:\rml\source\synanlib\debug\rusbuildinitialclauses.obj
c:\rml\source\synanlib\debug\ruleforsimilarnoungroupclauses.obj
c:\rml\source\synanlib\debug\participles.obj
c:\rml\source\synanlib\debug\nso.obj
c:\rml\source\synanlib\debug\homonymskiller.obj
c:\rml\source\synanlib\debug\fragpustycha.obj
c:\rml\source\synanlib\debug\fragdisrupt.obj
c:\rml\source\synanlib\debug\fragcoord.obj
c:\rml\source\synanlib\debug\baserules.obj
c:\rml\source\synanlib\debug\analyticalforms.obj
c:\rml\source\synanlib\debug\similar_numerals.obj
c:\rml\source\synanlib\debug\verbs.obj
c:\rml\source\synanlib\debug\similar_noun_groups.obj
c:\rml\source\synanlib\debug\similar_infs.obj
c:\rml\source\synanlib\debug\similar_common.obj
c:\rml\source\synanlib\debug\similar_advs.obj
c:\rml\source\synanlib\debug\similar_adjs.obj
c:\rml\source\synanlib\debug\selective.obj
c:\rml\source\synanlib\debug\prepositions.obj
c:\rml\source\synanlib\debug\numbers.obj
c:\rml\source\synanlib\debug\noun_adjunct_group.obj
c:\rml\source\synanlib\debug\names.obj
c:\rml\source\synanlib\debug\gleiche.obj
c:\rml\source\synanlib\debug\gen_chains.obj
c:\rml\source\synanlib\debug\foreign_term.obj
c:\rml\source\synanlib\debug\adverbs.obj
c:\rml\source\synanlib\debug\synsubjpred.obj
c:\rml\source\synanlib\debug\synanlib.lib
c:\rml\source\synanlib\debug\synanlib.tlog\cl.command.1.tlog
c:\rml\source\synanlib\debug\synanlib.tlog\cl.read.1.tlog
c:\rml\source\synanlib\debug\synanlib.tlog\cl.write.1.tlog
c:\rml\source\synanlib\debug\synanlib.tlog\lib-link.read.1.tlog
c:\rml\source\synanlib\debug\synanlib.tlog\lib-link.write.1.tlog
c:\rml\source\synanlib\debug\synanlib.tlog\lib.command.1.tlog
