Сборка начата 10/31/2014 12:38:27 PM.
     1>Проект "C:\RML\Source\RmlThesLib\RmlThesLib.vcxproj" в узле 3 (целевые объекты Rebuild).
     1>ClCompile:
         C:\Program Files (x86)\Microsoft Visual Studio 12.0\VC\bin\CL.exe /c /nologo /W3 /WX- /O2 /Oy- /D WIN32 /D NDEBUG /D _LIB /D _VC80_UPGRADE=0x0710 /D _MBCS /Gm- /EHsc /MDd /GS /fp:precise /Zc:wchar_t /Zc:forScope /Yc"StdRmlThes.h" /Fp".\Debug/RmlThesLib.pch" /Fo".\Debug/" /Fd".\Debug/" /Gd /TP /analyze- /errorReport:prompt StdRmlThes.cpp
         StdRmlThes.cpp
         C:\Program Files (x86)\Microsoft Visual Studio 12.0\VC\bin\CL.exe /c /nologo /W3 /WX- /O2 /Oy- /D WIN32 /D NDEBUG /D _LIB /D _VC80_UPGRADE=0x0710 /D _MBCS /Gm- /EHsc /MDd /GS /fp:precise /Zc:wchar_t /Zc:forScope /Yu"StdRmlThes.h" /Fp".\Debug/RmlThesLib.pch" /Fo".\Debug/" /Fd".\Debug/" /Gd /TP /analyze- /errorReport:prompt Concepts.cpp Models.cpp Relats.cpp Synonyms.cpp Termins.cpp Thesaurus.cpp ThesOborots.cpp
         Concepts.cpp
         Models.cpp
         Relats.cpp
         Synonyms.cpp
         Termins.cpp
         Thesaurus.cpp
         ThesOborots.cpp
         Создание кода...
       Lib:
         C:\Program Files (x86)\Microsoft Visual Studio 12.0\VC\bin\Lib.exe /OUT:".\Debug\RmlThesLib.lib" /NOLOGO .\Debug/Concepts.obj
         .\Debug/Models.obj
         .\Debug/Relats.obj
         .\Debug/StdRmlThes.obj
         .\Debug/Synonyms.obj
         .\Debug/Termins.obj
         .\Debug/Thesaurus.obj
         .\Debug/ThesOborots.obj
         RmlThesLib.vcxproj -> C:\RML\Source\RmlThesLib\.\Debug\RmlThesLib.lib
     1>Сборка проекта "C:\RML\Source\RmlThesLib\RmlThesLib.vcxproj" завершена (целевые объекты Rebuild).

Сборка успешно завершена.

Затраченное время: 00:00:11.50
