c:\rml\source\transfer\debug\transfer.pch
c:\rml\source\transfer\debug\vc120.pdb
c:\rml\source\transfer\debug\vc120.idb
c:\rml\source\transfer\debug\stdafx.obj
c:\rml\source\transfer\debug\transrels.obj
c:\rml\source\transfer\debug\transprepnoun.obj
c:\rml\source\transfer\debug\translatetoenglish.obj
c:\rml\source\transfer\debug\transeclause.obj
c:\rml\source\transfer\debug\engtimenodetranslate.obj
c:\rml\source\transfer\debug\engtermintranslate.obj
c:\rml\source\transfer\debug\engprimitives.obj
c:\rml\source\transfer\debug\engnodecreate.obj
c:\rml\source\transfer\debug\enginterp.obj
c:\rml\source\transfer\debug\enghelper.obj
c:\rml\source\transfer\debug\engequivs.obj
c:\rml\source\transfer\debug\engbinarytranslate.obj
c:\rml\source\transfer\debug\engatomic.obj
c:\rml\source\transfer\debug\engarticle.obj
c:\rml\source\transfer\debug\engalg_5.obj
c:\rml\source\transfer\debug\engalg_4.obj
c:\rml\source\transfer\debug\engalg_3.obj
c:\rml\source\transfer\debug\engalg_2.obj
c:\rml\source\transfer\debug\engalg_1.obj
c:\rml\source\transfer\debug\engadverbs.obj
c:\rml\source\transfer\debug\nodehelper.obj
c:\rml\source\transfer\debug\engverbtense.obj
c:\rml\source\transfer\debug\engsynthes.obj
c:\rml\source\transfer\debug\engprep.obj
c:\rml\source\transfer\debug\engnoun.obj
c:\rml\source\transfer\debug\transtense.obj
c:\rml\source\transfer\debug\transrules.obj
c:\rml\source\transfer\debug\transfer.lib
c:\rml\source\transfer\.\debug\transfer.lib
c:\rml\source\transfer\debug\transfer.tlog\cl.command.1.tlog
c:\rml\source\transfer\debug\transfer.tlog\cl.read.1.tlog
c:\rml\source\transfer\debug\transfer.tlog\cl.write.1.tlog
c:\rml\source\transfer\debug\transfer.tlog\lib-link.read.1.tlog
c:\rml\source\transfer\debug\transfer.tlog\lib-link.write.1.tlog
c:\rml\source\transfer\debug\transfer.tlog\lib.command.1.tlog
