c:\rml\source\semanlib\debug\semanlib.pch
c:\rml\source\semanlib\debug\vc120.pdb
c:\rml\source\semanlib\debug\vc120.idb
c:\rml\source\semanlib\debug\stdafx.obj
c:\rml\source\semanlib\debug\semanticidealize.obj
c:\rml\source\semanlib\debug\semanticlength.obj
c:\rml\source\semanlib\debug\semanticlexfuncts.obj
c:\rml\source\semanlib\debug\semanticlexvariant.obj
c:\rml\source\semanlib\debug\semanticloc.obj
c:\rml\source\semanlib\debug\semanticmna.obj
c:\rml\source\semanlib\debug\semanticnumeral.obj
c:\rml\source\semanlib\debug\semanticrusprimitives.obj
c:\rml\source\semanlib\debug\semanticsholder.obj
c:\rml\source\semanlib\debug\semanticstran.obj
c:\rml\source\semanlib\debug\semanticsynrelation.obj
c:\rml\source\semanlib\debug\semanticthesaurus.obj
c:\rml\source\semanlib\debug\semantictime.obj
c:\rml\source\semanlib\debug\semantictree.obj
c:\rml\source\semanlib\debug\semanticweight.obj
c:\rml\source\semanlib\debug\sempattern.obj
c:\rml\source\semanlib\debug\semstructurebuilder.obj
c:\rml\source\semanlib\debug\transfersyntaxrelationtosemantics.obj
c:\rml\source\semanlib\debug\translatorholder.obj
c:\rml\source\semanlib\debug\valency.obj
c:\rml\source\semanlib\debug\allrossesholder.obj
c:\rml\source\semanlib\debug\dictunitinterp.obj
c:\rml\source\semanlib\debug\generatenewform.obj
c:\rml\source\semanlib\debug\hierarchyholder.obj
c:\rml\source\semanlib\debug\rossholder.obj
c:\rml\source\semanlib\debug\russiansynthesis.obj
c:\rml\source\semanlib\debug\semanhypotgraph.obj
c:\rml\source\semanlib\debug\semanpattern.obj
c:\rml\source\semanlib\debug\semanticanswer.obj
c:\rml\source\semanlib\debug\semanticclause.obj
c:\rml\source\semanlib\debug\semanticcolloc.obj
c:\rml\source\semanlib\debug\semanticcommon.obj
c:\rml\source\semanlib\debug\semanticcompar.obj
c:\rml\source\semanlib\debug\semanticgraph.obj
c:\rml\source\semanlib\debug\syntaxholder.obj
c:\rml\source\semanlib\debug\semanlib.lib
c:\rml\source\semanlib\debug\semanlib.tlog\cl.command.1.tlog
c:\rml\source\semanlib\debug\semanlib.tlog\cl.read.1.tlog
c:\rml\source\semanlib\debug\semanlib.tlog\cl.write.1.tlog
c:\rml\source\semanlib\debug\semanlib.tlog\lib-link.read.1.tlog
c:\rml\source\semanlib\debug\semanlib.tlog\lib-link.write.1.tlog
c:\rml\source\semanlib\debug\semanlib.tlog\lib.command.1.tlog
